{"uid":"599bc248d700ea77","name":"getDefaultValues","fullName":"tests.SFLead.getDefaultValues","historyId":"73321bea06928e450fe634250c5fffa3","time":{"start":1763960209505,"stop":1763960216943,"duration":7438},"description":"Check default_ Lead","descriptionHtml":"<p>Check default_ Lead</p>\n","status":"failed","statusMessage":"The following asserts failed:\n\t- Field: Email Opt-In - Actual: Checked - Expect: Unchecked","statusTrace":"java.lang.AssertionError: The following asserts failed:\n\t- Field: Email Opt-In - Actual: Checked - Expect: Unchecked\r\n\tat org.testng.asserts.SoftAssert.assertAll(SoftAssert.java:46)\r\n\tat org.testng.asserts.SoftAssert.assertAll(SoftAssert.java:30)\r\n\tat utils.UiCheck.compareDefaultValue(UiCheck.java:2205)\r\n\tat tests.SFLead.getDefaultValues(SFLead.java:195)\r\n\tat java.base/jdk.internal.reflect.DirectMethodHandleAccessor.invoke(DirectMethodHandleAccessor.java:103)\r\n\tat java.base/java.lang.reflect.Method.invoke(Method.java:580)\r\n\tat org.testng.internal.invokers.MethodInvocationHelper.invokeMethod(MethodInvocationHelper.java:141)\r\n\tat org.testng.internal.invokers.InvokeMethodRunnable.runOne(InvokeMethodRunnable.java:47)\r\n\tat org.testng.internal.invokers.InvokeMethodRunnable.call(InvokeMethodRunnable.java:76)\r\n\tat org.testng.internal.invokers.InvokeMethodRunnable.call(InvokeMethodRunnable.java:11)\r\n\tat java.base/java.util.concurrent.FutureTask.run(FutureTask.java:317)\r\n\tat java.base/java.util.concurrent.ThreadPoolExecutor.runWorker(ThreadPoolExecutor.java:1144)\r\n\tat java.base/java.util.concurrent.ThreadPoolExecutor$Worker.run(ThreadPoolExecutor.java:642)\r\n\tat java.base/java.lang.Thread.run(Thread.java:1583)\r\n","flaky":false,"newFailed":false,"newBroken":false,"newPassed":false,"retriesCount":0,"retriesStatusChange":false,"beforeStages":[{"name":"beforeClass","time":{"start":1763960039698,"stop":1763960039708,"duration":10},"description":"","status":"passed","steps":[],"attachments":[],"parameters":[],"attachmentStep":false,"stepsCount":0,"attachmentsCount":0,"shouldDisplayMessage":false,"hasContent":false},{"name":"setUp","time":{"start":1763960039721,"stop":1763960058057,"duration":18336},"description":"","status":"passed","steps":[],"attachments":[],"parameters":[],"attachmentStep":false,"stepsCount":0,"attachmentsCount":0,"shouldDisplayMessage":false,"hasContent":false},{"name":"loadLanguageProperties","time":{"start":1763960058058,"stop":1763960059567,"duration":1509},"description":"","status":"passed","steps":[],"attachments":[],"parameters":[],"attachmentStep":false,"stepsCount":0,"attachmentsCount":0,"shouldDisplayMessage":false,"hasContent":false},{"name":"startVideoRecording","time":{"start":1763960209500,"stop":1763960209500,"duration":0},"description":"","status":"passed","steps":[],"attachments":[],"parameters":[],"attachmentStep":false,"stepsCount":0,"attachmentsCount":0,"shouldDisplayMessage":false,"hasContent":false}],"testStage":{"description":"Check default_ Lead","status":"failed","statusMessage":"The following asserts failed:\n\t- Field: Email Opt-In - Actual: Checked - Expect: Unchecked","statusTrace":"java.lang.AssertionError: The following asserts failed:\n\t- Field: Email Opt-In - Actual: Checked - Expect: Unchecked\r\n\tat org.testng.asserts.SoftAssert.assertAll(SoftAssert.java:46)\r\n\tat org.testng.asserts.SoftAssert.assertAll(SoftAssert.java:30)\r\n\tat utils.UiCheck.compareDefaultValue(UiCheck.java:2205)\r\n\tat tests.SFLead.getDefaultValues(SFLead.java:195)\r\n\tat java.base/jdk.internal.reflect.DirectMethodHandleAccessor.invoke(DirectMethodHandleAccessor.java:103)\r\n\tat java.base/java.lang.reflect.Method.invoke(Method.java:580)\r\n\tat org.testng.internal.invokers.MethodInvocationHelper.invokeMethod(MethodInvocationHelper.java:141)\r\n\tat org.testng.internal.invokers.InvokeMethodRunnable.runOne(InvokeMethodRunnable.java:47)\r\n\tat org.testng.internal.invokers.InvokeMethodRunnable.call(InvokeMethodRunnable.java:76)\r\n\tat org.testng.internal.invokers.InvokeMethodRunnable.call(InvokeMethodRunnable.java:11)\r\n\tat java.base/java.util.concurrent.FutureTask.run(FutureTask.java:317)\r\n\tat java.base/java.util.concurrent.ThreadPoolExecutor.runWorker(ThreadPoolExecutor.java:1144)\r\n\tat java.base/java.util.concurrent.ThreadPoolExecutor$Worker.run(ThreadPoolExecutor.java:642)\r\n\tat java.base/java.lang.Thread.run(Thread.java:1583)\r\n","steps":[{"name":"1. Sau khi đăng nhập thành công, truy cập object Lead sau đó bấm 'New'","time":{"start":1763960209506,"stop":1763960209506,"duration":0},"status":"passed","steps":[],"attachments":[],"parameters":[],"attachmentStep":false,"stepsCount":0,"attachmentsCount":0,"shouldDisplayMessage":false,"hasContent":false}],"attachments":[],"parameters":[],"attachmentStep":false,"stepsCount":1,"attachmentsCount":0,"shouldDisplayMessage":true,"hasContent":true},"afterStages":[{"name":"delayAfterEachTest","time":{"start":1763960217495,"stop":1763960219506,"duration":2011},"description":"","status":"passed","steps":[],"attachments":[],"parameters":[],"attachmentStep":false,"stepsCount":0,"attachmentsCount":0,"shouldDisplayMessage":false,"hasContent":false},{"name":"tearDown","time":{"start":1763960219508,"stop":1763960219509,"duration":1},"description":"","status":"passed","steps":[],"attachments":[],"parameters":[],"attachmentStep":false,"stepsCount":0,"attachmentsCount":0,"shouldDisplayMessage":false,"hasContent":false},{"name":"uploadVideoToJira","time":{"start":1763960219511,"stop":1763960219513,"duration":2},"description":"","status":"passed","steps":[],"attachments":[],"parameters":[],"attachmentStep":false,"stepsCount":0,"attachmentsCount":0,"shouldDisplayMessage":false,"hasContent":false},{"name":"tearDown","time":{"start":1763960219516,"stop":1763960219808,"duration":292},"description":"","status":"passed","steps":[],"attachments":[],"parameters":[],"attachmentStep":false,"stepsCount":0,"attachmentsCount":0,"shouldDisplayMessage":false,"hasContent":false}],"labels":[{"name":"package","value":"tests.SFLead"},{"name":"testClass","value":"tests.SFLead"},{"name":"testMethod","value":"getDefaultValues"},{"name":"parentSuite","value":"Test Suite"},{"name":"suite","value":"Salesforce"},{"name":"subSuite","value":"tests.SFLead"},{"name":"host","value":"GIMASYS"},{"name":"thread","value":"54536@GIMASYS.main(1)"},{"name":"framework","value":"testng"},{"name":"language","value":"java"},{"name":"story","value":"Basic Case"},{"name":"feature","value":"Lead Module"},{"name":"resultFormat","value":"allure2"}],"parameters":[{"name":"testSuite","value":"1"}],"links":[],"hidden":false,"retry":false,"extra":{"severity":"normal","retries":[],"categories":[{"name":"Product defects","matchedStatuses":[],"flaky":false}],"tags":[]},"source":"599bc248d700ea77.json","parameterValues":["1"]}