{"uid":"f30cfc5d6559c959","name":"getDefaultValues_test","fullName":"tests.SFAccount.getDefaultValues_test","historyId":"b6bbf3e3b7ca04954f86b5b097f6b9d3","time":{"start":1762942109527,"stop":1762942116345,"duration":6818},"description":"Check default_ checkbox Lead","descriptionHtml":"<p>Check default_ checkbox Lead</p>\n","status":"broken","statusMessage":"no such element: Unable to locate element: {\"method\":\"xpath\",\"selector\":\"//input[@type='checkbox' and @name='Email_Opt_In__c']\"}\n  (Session info: chrome=142.0.7444.136)\nFor documentation on this error, please visit: https://www.selenium.dev/documentation/webdriver/troubleshooting/errors#no-such-element-exception\nBuild info: version: '4.20.0', revision: '866c76ca80'\nSystem info: os.name: 'Windows 11', os.arch: 'amd64', os.version: '10.0', java.version: '21.0.2'\nDriver info: org.openqa.selenium.chrome.ChromeDriver\nCommand: [667fc4386dd7fa4103f9602e16e3b3ba, findElement {value=//input[@type='checkbox' and @name='Email_Opt_In__c'], using=xpath}]\nCapabilities {acceptInsecureCerts: false, browserName: chrome, browserVersion: 142.0.7444.136, chrome: {chromedriverVersion: 142.0.7444.162 (c076baf266c..., userDataDir: C:\\Users\\nguye\\AppData\\Loca...}, fedcm:accounts: true, goog:chromeOptions: {debuggerAddress: localhost:60189}, goog:processID: 112168, networkConnectionEnabled: false, pageLoadStrategy: normal, platformName: windows, proxy: Proxy(), se:cdp: ws://localhost:60189/devtoo..., se:cdpVersion: 142.0.7444.136, setWindowRect: true, strictFileInteractability: false, timeouts: {implicit: 0, pageLoad: 300000, script: 30000}, unhandledPromptBehavior: dismiss and notify, webauthn:extension:credBlob: true, webauthn:extension:largeBlob: true, webauthn:extension:minPinLength: true, webauthn:extension:prf: true, webauthn:virtualAuthenticators: true}\nSession ID: 667fc4386dd7fa4103f9602e16e3b3ba","statusTrace":"org.openqa.selenium.NoSuchElementException: no such element: Unable to locate element: {\"method\":\"xpath\",\"selector\":\"//input[@type='checkbox' and @name='Email_Opt_In__c']\"}\n  (Session info: chrome=142.0.7444.136)\nFor documentation on this error, please visit: https://www.selenium.dev/documentation/webdriver/troubleshooting/errors#no-such-element-exception\nBuild info: version: '4.20.0', revision: '866c76ca80'\nSystem info: os.name: 'Windows 11', os.arch: 'amd64', os.version: '10.0', java.version: '21.0.2'\nDriver info: org.openqa.selenium.chrome.ChromeDriver\nCommand: [667fc4386dd7fa4103f9602e16e3b3ba, findElement {value=//input[@type='checkbox' and @name='Email_Opt_In__c'], using=xpath}]\nCapabilities {acceptInsecureCerts: false, browserName: chrome, browserVersion: 142.0.7444.136, chrome: {chromedriverVersion: 142.0.7444.162 (c076baf266c..., userDataDir: C:\\Users\\nguye\\AppData\\Loca...}, fedcm:accounts: true, goog:chromeOptions: {debuggerAddress: localhost:60189}, goog:processID: 112168, networkConnectionEnabled: false, pageLoadStrategy: normal, platformName: windows, proxy: Proxy(), se:cdp: ws://localhost:60189/devtoo..., se:cdpVersion: 142.0.7444.136, setWindowRect: true, strictFileInteractability: false, timeouts: {implicit: 0, pageLoad: 300000, script: 30000}, unhandledPromptBehavior: dismiss and notify, webauthn:extension:credBlob: true, webauthn:extension:largeBlob: true, webauthn:extension:minPinLength: true, webauthn:extension:prf: true, webauthn:virtualAuthenticators: true}\nSession ID: 667fc4386dd7fa4103f9602e16e3b3ba\r\n\tat java.base/jdk.internal.reflect.DirectConstructorHandleAccessor.newInstance(DirectConstructorHandleAccessor.java:62)\r\n\tat java.base/java.lang.reflect.Constructor.newInstanceWithCaller(Constructor.java:502)\r\n\tat java.base/java.lang.reflect.Constructor.newInstance(Constructor.java:486)\r\n\tat org.openqa.selenium.remote.ErrorCodec.decode(ErrorCodec.java:167)\r\n\tat org.openqa.selenium.remote.codec.w3c.W3CHttpResponseCodec.decode(W3CHttpResponseCodec.java:138)\r\n\tat org.openqa.selenium.remote.codec.w3c.W3CHttpResponseCodec.decode(W3CHttpResponseCodec.java:50)\r\n\tat org.openqa.selenium.remote.HttpCommandExecutor.execute(HttpCommandExecutor.java:190)\r\n\tat org.openqa.selenium.remote.service.DriverCommandExecutor.invokeExecute(DriverCommandExecutor.java:216)\r\n\tat org.openqa.selenium.remote.service.DriverCommandExecutor.execute(DriverCommandExecutor.java:174)\r\n\tat org.openqa.selenium.remote.RemoteWebDriver.execute(RemoteWebDriver.java:518)\r\n\tat org.openqa.selenium.remote.ElementLocation$ElementFinder$2.findElement(ElementLocation.java:165)\r\n\tat org.openqa.selenium.remote.ElementLocation.findElement(ElementLocation.java:59)\r\n\tat org.openqa.selenium.remote.RemoteWebDriver.findElement(RemoteWebDriver.java:355)\r\n\tat org.openqa.selenium.remote.RemoteWebDriver.findElement(RemoteWebDriver.java:349)\r\n\tat tests.SFAccount.getDefaultValues_test(SFAccount.java:349)\r\n\tat java.base/jdk.internal.reflect.DirectMethodHandleAccessor.invoke(DirectMethodHandleAccessor.java:103)\r\n\tat java.base/java.lang.reflect.Method.invoke(Method.java:580)\r\n\tat org.testng.internal.invokers.MethodInvocationHelper.invokeMethod(MethodInvocationHelper.java:141)\r\n\tat org.testng.internal.invokers.InvokeMethodRunnable.runOne(InvokeMethodRunnable.java:47)\r\n\tat org.testng.internal.invokers.InvokeMethodRunnable.call(InvokeMethodRunnable.java:76)\r\n\tat org.testng.internal.invokers.InvokeMethodRunnable.call(InvokeMethodRunnable.java:11)\r\n\tat java.base/java.util.concurrent.FutureTask.run(FutureTask.java:317)\r\n\tat java.base/java.util.concurrent.ThreadPoolExecutor.runWorker(ThreadPoolExecutor.java:1144)\r\n\tat java.base/java.util.concurrent.ThreadPoolExecutor$Worker.run(ThreadPoolExecutor.java:642)\r\n\tat java.base/java.lang.Thread.run(Thread.java:1583)\r\n","flaky":false,"newFailed":false,"newBroken":false,"newPassed":false,"retriesCount":0,"retriesStatusChange":false,"beforeStages":[{"name":"beforeClass","time":{"start":1762941784568,"stop":1762941784573,"duration":5},"description":"","status":"passed","steps":[],"attachments":[],"parameters":[],"stepsCount":0,"attachmentStep":false,"attachmentsCount":0,"shouldDisplayMessage":false,"hasContent":false},{"name":"setUp","time":{"start":1762941784586,"stop":1762941817069,"duration":32483},"description":"","status":"passed","steps":[],"attachments":[],"parameters":[],"stepsCount":0,"attachmentStep":false,"attachmentsCount":0,"shouldDisplayMessage":false,"hasContent":false},{"name":"loadLanguageProperties","time":{"start":1762941817070,"stop":1762941819003,"duration":1933},"description":"","status":"passed","steps":[],"attachments":[],"parameters":[],"stepsCount":0,"attachmentStep":false,"attachmentsCount":0,"shouldDisplayMessage":false,"hasContent":false},{"name":"startVideoRecording","time":{"start":1762942109520,"stop":1762942109523,"duration":3},"description":"","status":"passed","steps":[],"attachments":[],"parameters":[],"stepsCount":0,"attachmentStep":false,"attachmentsCount":0,"shouldDisplayMessage":false,"hasContent":false}],"testStage":{"description":"Check default_ checkbox Lead","status":"broken","statusMessage":"no such element: Unable to locate element: {\"method\":\"xpath\",\"selector\":\"//input[@type='checkbox' and @name='Email_Opt_In__c']\"}\n  (Session info: chrome=142.0.7444.136)\nFor documentation on this error, please visit: https://www.selenium.dev/documentation/webdriver/troubleshooting/errors#no-such-element-exception\nBuild info: version: '4.20.0', revision: '866c76ca80'\nSystem info: os.name: 'Windows 11', os.arch: 'amd64', os.version: '10.0', java.version: '21.0.2'\nDriver info: org.openqa.selenium.chrome.ChromeDriver\nCommand: [667fc4386dd7fa4103f9602e16e3b3ba, findElement {value=//input[@type='checkbox' and @name='Email_Opt_In__c'], using=xpath}]\nCapabilities {acceptInsecureCerts: false, browserName: chrome, browserVersion: 142.0.7444.136, chrome: {chromedriverVersion: 142.0.7444.162 (c076baf266c..., userDataDir: C:\\Users\\nguye\\AppData\\Loca...}, fedcm:accounts: true, goog:chromeOptions: {debuggerAddress: localhost:60189}, goog:processID: 112168, networkConnectionEnabled: false, pageLoadStrategy: normal, platformName: windows, proxy: Proxy(), se:cdp: ws://localhost:60189/devtoo..., se:cdpVersion: 142.0.7444.136, setWindowRect: true, strictFileInteractability: false, timeouts: {implicit: 0, pageLoad: 300000, script: 30000}, unhandledPromptBehavior: dismiss and notify, webauthn:extension:credBlob: true, webauthn:extension:largeBlob: true, webauthn:extension:minPinLength: true, webauthn:extension:prf: true, webauthn:virtualAuthenticators: true}\nSession ID: 667fc4386dd7fa4103f9602e16e3b3ba","statusTrace":"org.openqa.selenium.NoSuchElementException: no such element: Unable to locate element: {\"method\":\"xpath\",\"selector\":\"//input[@type='checkbox' and @name='Email_Opt_In__c']\"}\n  (Session info: chrome=142.0.7444.136)\nFor documentation on this error, please visit: https://www.selenium.dev/documentation/webdriver/troubleshooting/errors#no-such-element-exception\nBuild info: version: '4.20.0', revision: '866c76ca80'\nSystem info: os.name: 'Windows 11', os.arch: 'amd64', os.version: '10.0', java.version: '21.0.2'\nDriver info: org.openqa.selenium.chrome.ChromeDriver\nCommand: [667fc4386dd7fa4103f9602e16e3b3ba, findElement {value=//input[@type='checkbox' and @name='Email_Opt_In__c'], using=xpath}]\nCapabilities {acceptInsecureCerts: false, browserName: chrome, browserVersion: 142.0.7444.136, chrome: {chromedriverVersion: 142.0.7444.162 (c076baf266c..., userDataDir: C:\\Users\\nguye\\AppData\\Loca...}, fedcm:accounts: true, goog:chromeOptions: {debuggerAddress: localhost:60189}, goog:processID: 112168, networkConnectionEnabled: false, pageLoadStrategy: normal, platformName: windows, proxy: Proxy(), se:cdp: ws://localhost:60189/devtoo..., se:cdpVersion: 142.0.7444.136, setWindowRect: true, strictFileInteractability: false, timeouts: {implicit: 0, pageLoad: 300000, script: 30000}, unhandledPromptBehavior: dismiss and notify, webauthn:extension:credBlob: true, webauthn:extension:largeBlob: true, webauthn:extension:minPinLength: true, webauthn:extension:prf: true, webauthn:virtualAuthenticators: true}\nSession ID: 667fc4386dd7fa4103f9602e16e3b3ba\r\n\tat java.base/jdk.internal.reflect.DirectConstructorHandleAccessor.newInstance(DirectConstructorHandleAccessor.java:62)\r\n\tat java.base/java.lang.reflect.Constructor.newInstanceWithCaller(Constructor.java:502)\r\n\tat java.base/java.lang.reflect.Constructor.newInstance(Constructor.java:486)\r\n\tat org.openqa.selenium.remote.ErrorCodec.decode(ErrorCodec.java:167)\r\n\tat org.openqa.selenium.remote.codec.w3c.W3CHttpResponseCodec.decode(W3CHttpResponseCodec.java:138)\r\n\tat org.openqa.selenium.remote.codec.w3c.W3CHttpResponseCodec.decode(W3CHttpResponseCodec.java:50)\r\n\tat org.openqa.selenium.remote.HttpCommandExecutor.execute(HttpCommandExecutor.java:190)\r\n\tat org.openqa.selenium.remote.service.DriverCommandExecutor.invokeExecute(DriverCommandExecutor.java:216)\r\n\tat org.openqa.selenium.remote.service.DriverCommandExecutor.execute(DriverCommandExecutor.java:174)\r\n\tat org.openqa.selenium.remote.RemoteWebDriver.execute(RemoteWebDriver.java:518)\r\n\tat org.openqa.selenium.remote.ElementLocation$ElementFinder$2.findElement(ElementLocation.java:165)\r\n\tat org.openqa.selenium.remote.ElementLocation.findElement(ElementLocation.java:59)\r\n\tat org.openqa.selenium.remote.RemoteWebDriver.findElement(RemoteWebDriver.java:355)\r\n\tat org.openqa.selenium.remote.RemoteWebDriver.findElement(RemoteWebDriver.java:349)\r\n\tat tests.SFAccount.getDefaultValues_test(SFAccount.java:349)\r\n\tat java.base/jdk.internal.reflect.DirectMethodHandleAccessor.invoke(DirectMethodHandleAccessor.java:103)\r\n\tat java.base/java.lang.reflect.Method.invoke(Method.java:580)\r\n\tat org.testng.internal.invokers.MethodInvocationHelper.invokeMethod(MethodInvocationHelper.java:141)\r\n\tat org.testng.internal.invokers.InvokeMethodRunnable.runOne(InvokeMethodRunnable.java:47)\r\n\tat org.testng.internal.invokers.InvokeMethodRunnable.call(InvokeMethodRunnable.java:76)\r\n\tat org.testng.internal.invokers.InvokeMethodRunnable.call(InvokeMethodRunnable.java:11)\r\n\tat java.base/java.util.concurrent.FutureTask.run(FutureTask.java:317)\r\n\tat java.base/java.util.concurrent.ThreadPoolExecutor.runWorker(ThreadPoolExecutor.java:1144)\r\n\tat java.base/java.util.concurrent.ThreadPoolExecutor$Worker.run(ThreadPoolExecutor.java:642)\r\n\tat java.base/java.lang.Thread.run(Thread.java:1583)\r\n","steps":[{"name":"1. Sau khi đăng nhập thành công, truy cập object Lead sau đó bấm 'New'","time":{"start":1762942109530,"stop":1762942109530,"duration":0},"status":"passed","steps":[],"attachments":[],"parameters":[],"stepsCount":0,"attachmentStep":false,"attachmentsCount":0,"shouldDisplayMessage":false,"hasContent":false}],"attachments":[],"parameters":[],"stepsCount":1,"attachmentStep":false,"attachmentsCount":0,"shouldDisplayMessage":true,"hasContent":true},"afterStages":[{"name":"attachJiraBug","time":{"start":1762942116349,"stop":1762942116350,"duration":1},"description":"","status":"passed","steps":[],"attachments":[],"parameters":[],"stepsCount":0,"attachmentStep":false,"attachmentsCount":0,"shouldDisplayMessage":false,"hasContent":false},{"name":"delayAfterEachTest","time":{"start":1762942116352,"stop":1762942118357,"duration":2005},"description":"","status":"passed","steps":[],"attachments":[],"parameters":[],"stepsCount":0,"attachmentStep":false,"attachmentsCount":0,"shouldDisplayMessage":false,"hasContent":false},{"name":"tearDown","time":{"start":1762942118358,"stop":1762942118361,"duration":3},"description":"","status":"passed","steps":[],"attachments":[],"parameters":[],"stepsCount":0,"attachmentStep":false,"attachmentsCount":0,"shouldDisplayMessage":false,"hasContent":false},{"name":"uploadVideoToJira","time":{"start":1762942118363,"stop":1762942118363,"duration":0},"description":"","status":"passed","steps":[],"attachments":[],"parameters":[],"stepsCount":0,"attachmentStep":false,"attachmentsCount":0,"shouldDisplayMessage":false,"hasContent":false},{"name":"tearDown","time":{"start":1762942118369,"stop":1762942118868,"duration":499},"description":"","status":"passed","steps":[],"attachments":[],"parameters":[],"stepsCount":0,"attachmentStep":false,"attachmentsCount":0,"shouldDisplayMessage":false,"hasContent":false}],"labels":[{"name":"package","value":"tests.SFAccount"},{"name":"testClass","value":"tests.SFAccount"},{"name":"testMethod","value":"getDefaultValues_test"},{"name":"parentSuite","value":"Test Suite"},{"name":"suite","value":"Salesforce"},{"name":"subSuite","value":"tests.SFAccount"},{"name":"host","value":"GIMASYS"},{"name":"thread","value":"104472@GIMASYS.main(1)"},{"name":"framework","value":"testng"},{"name":"language","value":"java"},{"name":"feature","value":"Account Module"},{"name":"story","value":"Basic Case"},{"name":"resultFormat","value":"allure2"}],"parameters":[{"name":"testSuite","value":"1"}],"links":[],"hidden":false,"retry":false,"extra":{"severity":"normal","retries":[],"categories":[{"name":"Test defects","matchedStatuses":[],"flaky":false}],"tags":[]},"source":"f30cfc5d6559c959.json","parameterValues":["1"]}